<?xml version="1.0" encoding="UTF-8"?>
<testng-results ignored="0" total="1" passed="1" failed="0" skipped="0">
  <reporter-output>
  </reporter-output>
  <suite started-at="2024-07-25T14:40:23 IST" name="Default suite" finished-at="2024-07-25T14:40:27 IST" duration-ms="4153">
    <groups>
    </groups>
    <test started-at="2024-07-25T14:40:23 IST" name="Default test" finished-at="2024-07-25T14:40:27 IST" duration-ms="4153">
      <class name="rahulshettyacademy.ExtentReports.ExtentReportDemo">
        <test-method is-config="true" signature="config()[pri:0, instance:rahulshettyacademy.ExtentReports.ExtentReportDemo@2a265ea9]" started-at="2024-07-25T14:40:23 IST" name="config" finished-at="2024-07-25T14:40:23 IST" duration-ms="209" status="PASS">
          <reporter-output>
          </reporter-output>
        </test-method> <!-- config -->
        <test-method signature="initialDemo()[pri:0, instance:rahulshettyacademy.ExtentReports.ExtentReportDemo@2a265ea9]" started-at="2024-07-25T14:40:23 IST" name="initialDemo" finished-at="2024-07-25T14:40:27 IST" duration-ms="3906" status="PASS">
          <reporter-output>
          </reporter-output>
        </test-method> <!-- initialDemo -->
      </class> <!-- rahulshettyacademy.ExtentReports.ExtentReportDemo -->
    </test> <!-- Default test -->
  </suite> <!-- Default suite -->
</testng-results>
